# JRE version: Java(TM) SE Runtime Environment (17.0.4.1+1) (build 17.0.4.1+1-LTS-2)
# Java VM: Java HotSpot(TM) 64-Bit Server VM (17.0.4.1+1-LTS-2, mixed mode, sharing, tiered, compressed oops, compressed class ptrs, g1 gc, windows-amd64)
GC Precious Log:
 CPUs: 4 total, 4 available
 Memory: 7991M
 Large Page Support: Disabled
 NUMA Support: Disabled
 Compressed Oops: Enabled (32-bit)
 Heap Region Size: 1M
 Heap Min Capacity: 8M
 Heap Initial Capacity: 126M
 Heap Max Capacity: 2G
 Pre-touch: Disabled
 Parallel Workers: 4
 Concurrent Workers: 1
 Concurrent Refinement Workers: 4
 Periodic GC: Disabled
Heap:
 garbage-first heap   total 272384K, used 105875K [0x0000000080000000, 0x0000000100000000)
  region size 1024K, 7 young (7168K), 7 survivors (7168K)
 Metaspace       used 114649K, committed 115200K, reserved 528384K
  class space    used 13826K, committed 14080K, reserved 421888K
GC Heap History (20 events):
Event: 57.992 GC heap after
{Heap after GC invocations=67 (full 0):
 garbage-first heap   total 272384K, used 96923K [0x0000000080000000, 0x0000000100000000)
  region size 1024K, 1 young (1024K), 1 survivors (1024K)
 Metaspace       used 93989K, committed 94592K, reserved 512000K
  class space    used 11172K, committed 11456K, reserved 421888K
}
Event: 58.022 GC heap before
{Heap before GC invocations=67 (full 0):
 garbage-first heap   total 272384K, used 109211K [0x0000000080000000, 0x0000000100000000)
  region size 1024K, 13 young (13312K), 1 survivors (1024K)
 Metaspace       used 93996K, committed 94592K, reserved 512000K
  class space    used 11172K, committed 11456K, reserved 421888K
}
Event: 58.030 GC heap after
{Heap after GC invocations=68 (full 0):
 garbage-first heap   total 272384K, used 78788K [0x0000000080000000, 0x0000000100000000)
  region size 1024K, 1 young (1024K), 1 survivors (1024K)
 Metaspace       used 93996K, committed 94592K, reserved 512000K
  class space    used 11172K, committed 11456K, reserved 421888K
}
Event: 60.001 GC heap before
{Heap before GC invocations=68 (full 0):
 garbage-first heap   total 272384K, used 246724K [0x0000000080000000, 0x0000000100000000)
  region size 1024K, 155 young (158720K), 1 survivors (1024K)
 Metaspace       used 98968K, committed 99520K, reserved 512000K
  class space    used 11835K, committed 12096K, reserved 421888K
}
Event: 60.033 GC heap after
{Heap after GC invocations=69 (full 0):
 garbage-first heap   total 272384K, used 99063K [0x0000000080000000, 0x0000000100000000)
  region size 1024K, 16 young (16384K), 16 survivors (16384K)
 Metaspace       used 98968K, committed 99520K, reserved 512000K
  class space    used 11835K, committed 12096K, reserved 421888K
}
Event: 62.661 GC heap before
{Heap before GC invocations=69 (full 0):
 garbage-first heap   total 272384K, used 225015K [0x0000000080000000, 0x0000000100000000)
  region size 1024K, 138 young (141312K), 16 survivors (16384K)
 Metaspace       used 103596K, committed 104192K, reserved 520192K
  class space    used 12560K, committed 12800K, reserved 421888K
}
Event: 62.676 GC heap after
{Heap after GC invocations=70 (full 0):
 garbage-first heap   total 272384K, used 95522K [0x0000000080000000, 0x0000000100000000)
  region size 1024K, 3 young (3072K), 3 survivors (3072K)
 Metaspace       used 103596K, committed 104192K, reserved 520192K
  class space    used 12560K, committed 12800K, reserved 421888K
}
Event: 81.832 GC heap before
{Heap before GC invocations=70 (full 0):
 garbage-first heap   total 272384K, used 227618K [0x0000000080000000, 0x0000000100000000)
  region size 1024K, 131 young (134144K), 3 survivors (3072K)
 Metaspace       used 113662K, committed 114304K, reserved 528384K
  class space    used 13773K, committed 14080K, reserved 421888K
}
Event: 81.845 GC heap after
{Heap after GC invocations=71 (full 0):
 garbage-first heap   total 272384K, used 99045K [0x0000000080000000, 0x0000000100000000)
  region size 1024K, 6 young (6144K), 6 survivors (6144K)
 Metaspace       used 113662K, committed 114304K, reserved 528384K
  class space    used 13773K, committed 14080K, reserved 421888K
}
Event: 185.705 GC heap before
{Heap before GC invocations=71 (full 0):
 garbage-first heap   total 272384K, used 229093K [0x0000000080000000, 0x0000000100000000)
  region size 1024K, 132 young (135168K), 6 survivors (6144K)
 Metaspace       used 114633K, committed 115200K, reserved 528384K
  class space    used 13826K, committed 14080K, reserved 421888K
}
Event: 185.731 GC heap after
{Heap after GC invocations=72 (full 0):
 garbage-first heap   total 272384K, used 101923K [0x0000000080000000, 0x0000000100000000)
  region size 1024K, 8 young (8192K), 8 survivors (8192K)
 Metaspace       used 114633K, committed 115200K, reserved 528384K
  class space    used 13826K, committed 14080K, reserved 421888K
}
Event: 186.352 GC heap before
{Heap before GC invocations=72 (full 0):
 garbage-first heap   total 272384K, used 228899K [0x0000000080000000, 0x0000000100000000)
  region size 1024K, 133 young (136192K), 8 survivors (8192K)
 Metaspace       used 114639K, committed 115200K, reserved 528384K
  class space    used 13826K, committed 14080K, reserved 421888K
}
Event: 186.369 GC heap after
{Heap after GC invocations=73 (full 0):
 garbage-first heap   total 272384K, used 102516K [0x0000000080000000, 0x0000000100000000)
  region size 1024K, 9 young (9216K), 9 survivors (9216K)
 Metaspace       used 114639K, committed 115200K, reserved 528384K
  class space    used 13826K, committed 14080K, reserved 421888K
}
Event: 187.089 GC heap before
{Heap before GC invocations=73 (full 0):
 garbage-first heap   total 272384K, used 233588K [0x0000000080000000, 0x0000000100000000)
  region size 1024K, 135 young (138240K), 9 survivors (9216K)
 Metaspace       used 114643K, committed 115200K, reserved 528384K
  class space    used 13826K, committed 14080K, reserved 421888K
}
Event: 187.103 GC heap after
{Heap after GC invocations=74 (full 0):
 garbage-first heap   total 272384K, used 105616K [0x0000000080000000, 0x0000000100000000)
  region size 1024K, 9 young (9216K), 9 survivors (9216K)
 Metaspace       used 114643K, committed 115200K, reserved 528384K
  class space    used 13826K, committed 14080K, reserved 421888K
}
Event: 187.609 GC heap before
{Heap before GC invocations=74 (full 0):
 garbage-first heap   total 272384K, used 236688K [0x0000000080000000, 0x0000000100000000)
  region size 1024K, 134 young (137216K), 9 survivors (9216K)
 Metaspace       used 114649K, committed 115200K, reserved 528384K
  class space    used 13826K, committed 14080K, reserved 421888K
}
Event: 187.622 GC heap after
{Heap after GC invocations=75 (full 0):
 garbage-first heap   total 272384K, used 106274K [0x0000000080000000, 0x0000000100000000)
  region size 1024K, 9 young (9216K), 9 survivors (9216K)
 Metaspace       used 114649K, committed 115200K, reserved 528384K
  class space    used 13826K, committed 14080K, reserved 421888K
}
Event: 188.428 GC heap before
{Heap before GC invocations=75 (full 0):
 garbage-first heap   total 272384K, used 235298K [0x0000000080000000, 0x0000000100000000)
  region size 1024K, 135 young (138240K), 9 survivors (9216K)
 Metaspace       used 114649K, committed 115200K, reserved 528384K
  class space    used 13826K, committed 14080K, reserved 421888K
}
Event: 188.447 GC heap after
{Heap after GC invocations=76 (full 0):
 garbage-first heap   total 272384K, used 106274K [0x0000000080000000, 0x0000000100000000)
  region size 1024K, 10 young (10240K), 10 survivors (10240K)
 Metaspace       used 114649K, committed 115200K, reserved 528384K
  class space    used 13826K, committed 14080K, reserved 421888K
}
Event: 189.040 GC heap before
{Heap before GC invocations=76 (full 0):
 garbage-first heap   total 272384K, used 234274K [0x0000000080000000, 0x0000000100000000)
  region size 1024K, 135 young (138240K), 10 survivors (10240K)
 Metaspace       used 114649K, committed 115200K, reserved 528384K
  class space    used 13826K, committed 14080K, reserved 421888K
}

